<?xml version="1.0" encoding="UTF-8"?>
<!-- Generated by org.testng.reporters.JUnitReportReporter -->
<testsuite hostname="LTIN513868" failures="0" tests="12" name="policyBazaar.test.TravelInsuranceTest" time="39.267" errors="0" timestamp="2024-03-12T15:19:17 IST" skipped="0">
  <testcase classname="policyBazaar.test.TravelInsuranceTest" name="testTravelInsuranceButtonClick" time="0.490"/>
  <system-out/>
  <testcase classname="policyBazaar.test.TravelInsuranceTest" name="testSwitchToChildWindow" time="0.279"/>
  <system-out/>
  <testcase classname="policyBazaar.test.TravelInsuranceTest" name="SelectDestination" time="4.526"/>
  <system-out/>
  <testcase classname="policyBazaar.test.TravelInsuranceTest" name="testSelectDate" time="1.656"/>
  <system-out/>
  <testcase classname="policyBazaar.test.TravelInsuranceTest" name="testSelectNumberOfTravellers" time="2.050"/>
  <system-out/>
  <testcase classname="policyBazaar.test.TravelInsuranceTest" name="ViewPlan" time="1.669"/>
  <system-out/>
  <testcase classname="policyBazaar.test.TravelInsuranceTest" name="SelectingStudentTrip" time="11.852"/>
  <system-out/>
  <testcase classname="policyBazaar.test.TravelInsuranceTest" name="InsuranceData" time="4.003"/>
  <system-out/>
  <testcase classname="policyBazaar.test.TravelInsuranceTest" name="SwitchChild" time="0.284"/>
  <system-out/>
  <testcase classname="policyBazaar.test.TravelInsuranceTest" name="CarInsurance" time="8.133"/>
  <system-out/>
  <testcase classname="policyBazaar.test.TravelInsuranceTest" name="fillingForm" time="3.514"/>
  <system-out/>
  <testcase classname="policyBazaar.test.TravelInsuranceTest" name="HealthInsurance" time="0.811"/>
  <system-out/>
</testsuite> <!-- policyBazaar.test.TravelInsuranceTest -->
