<?xml version="1.0" encoding="UTF-8"?>
<!-- Generated by org.testng.reporters.JUnitReportReporter -->
<testsuite hostname="LTIN513868" failures="0" tests="12" name="policyBazaar.test.TravelInsuranceTest" time="39.403" errors="0" timestamp="2024-03-09T14:05:47 IST" skipped="0">
  <testcase classname="policyBazaar.test.TravelInsuranceTest" name="testTravelInsuranceButtonClick" time="2.902"/>
  <testcase classname="policyBazaar.test.TravelInsuranceTest" name="testSwitchToChildWindow" time="0.261"/>
  <testcase classname="policyBazaar.test.TravelInsuranceTest" name="SelectDestination" time="3.891"/>
  <testcase classname="policyBazaar.test.TravelInsuranceTest" name="testSelectDate" time="1.760"/>
  <testcase classname="policyBazaar.test.TravelInsuranceTest" name="testSelectNumberOfTravellers" time="2.351"/>
  <testcase classname="policyBazaar.test.TravelInsuranceTest" name="ViewPlan" time="2.114"/>
  <testcase classname="policyBazaar.test.TravelInsuranceTest" name="SelectingStudentTrip" time="9.487"/>
  <testcase classname="policyBazaar.test.TravelInsuranceTest" name="InsuranceData" time="5.032"/>
  <testcase classname="policyBazaar.test.TravelInsuranceTest" name="SwitchChild" time="0.341"/>
  <testcase classname="policyBazaar.test.TravelInsuranceTest" name="CarInsurance" time="7.284"/>
  <testcase classname="policyBazaar.test.TravelInsuranceTest" name="fillingForm" time="2.967"/>
  <testcase classname="policyBazaar.test.TravelInsuranceTest" name="HealthInsurance" time="1.013"/>
</testsuite> <!-- policyBazaar.test.TravelInsuranceTest -->
